<?xml version="1.0" encoding="UTF-8"?>
<testng-results ignored="0" total="10" passed="10" failed="0" skipped="0">
  <reporter-output>
  </reporter-output>
  <suite started-at="2024-02-20T21:50:46 IST" name="Suite" finished-at="2024-02-20T21:53:04 IST" duration-ms="137676">
    <groups>
      <group name="regression">
        <method signature="TestCase01.Hover()[pri:0, instance:testCase.TestCase01@79e4c792]" name="Hover" class="testCase.TestCase01"/>
        <method signature="TestCase02.Run()[pri:0, instance:testCase.TestCase02@d737b89]" name="Run" class="testCase.TestCase02"/>
        <method signature="TestCase03.Chennai()[pri:0, instance:testCase.TestCase03@8519cb4]" name="Chennai" class="testCase.TestCase03"/>
        <method signature="TestCase04.loginsignup()[pri:0, instance:testCase.TestCase04@35dab4eb]" name="loginsignup" class="testCase.TestCase04"/>
        <method signature="TestCase05.verifyLoginPage()[pri:0, instance:testCase.TestCase05@2d901eb0]" name="verifyLoginPage" class="testCase.TestCase05"/>
        <method signature="TestCase01.Hover()[pri:0, instance:testCase.TestCase01@43df23d3]" name="Hover" class="testCase.TestCase01"/>
        <method signature="TestCase02.Run()[pri:0, instance:testCase.TestCase02@6d60fe40]" name="Run" class="testCase.TestCase02"/>
        <method signature="TestCase03.Chennai()[pri:0, instance:testCase.TestCase03@792b749c]" name="Chennai" class="testCase.TestCase03"/>
        <method signature="TestCase04.loginsignup()[pri:0, instance:testCase.TestCase04@23e84203]" name="loginsignup" class="testCase.TestCase04"/>
        <method signature="TestCase05.verifyLoginPage()[pri:0, instance:testCase.TestCase05@19932c16]" name="verifyLoginPage" class="testCase.TestCase05"/>
      </group> <!-- regression -->
      <group name="smoke">
        <method signature="TestCase01.Hover()[pri:0, instance:testCase.TestCase01@79e4c792]" name="Hover" class="testCase.TestCase01"/>
        <method signature="TestCase04.loginsignup()[pri:0, instance:testCase.TestCase04@35dab4eb]" name="loginsignup" class="testCase.TestCase04"/>
        <method signature="TestCase01.Hover()[pri:0, instance:testCase.TestCase01@43df23d3]" name="Hover" class="testCase.TestCase01"/>
        <method signature="TestCase04.loginsignup()[pri:0, instance:testCase.TestCase04@23e84203]" name="loginsignup" class="testCase.TestCase04"/>
      </group> <!-- smoke -->
      <group name="master">
        <method signature="TestCase01.Hover()[pri:0, instance:testCase.TestCase01@79e4c792]" name="Hover" class="testCase.TestCase01"/>
        <method signature="TestCase02.Run()[pri:0, instance:testCase.TestCase02@d737b89]" name="Run" class="testCase.TestCase02"/>
        <method signature="TestCase03.Chennai()[pri:0, instance:testCase.TestCase03@8519cb4]" name="Chennai" class="testCase.TestCase03"/>
        <method signature="TestCase04.loginsignup()[pri:0, instance:testCase.TestCase04@35dab4eb]" name="loginsignup" class="testCase.TestCase04"/>
        <method signature="TestCase05.verifyLoginPage()[pri:0, instance:testCase.TestCase05@2d901eb0]" name="verifyLoginPage" class="testCase.TestCase05"/>
        <method signature="TestCase01.Hover()[pri:0, instance:testCase.TestCase01@43df23d3]" name="Hover" class="testCase.TestCase01"/>
        <method signature="TestCase02.Run()[pri:0, instance:testCase.TestCase02@6d60fe40]" name="Run" class="testCase.TestCase02"/>
        <method signature="TestCase03.Chennai()[pri:0, instance:testCase.TestCase03@792b749c]" name="Chennai" class="testCase.TestCase03"/>
        <method signature="TestCase04.loginsignup()[pri:0, instance:testCase.TestCase04@23e84203]" name="loginsignup" class="testCase.TestCase04"/>
        <method signature="TestCase05.verifyLoginPage()[pri:0, instance:testCase.TestCase05@19932c16]" name="verifyLoginPage" class="testCase.TestCase05"/>
      </group> <!-- master -->
    </groups>
    <test started-at="2024-02-20T21:50:46 IST" name="ChromeTest" finished-at="2024-02-20T21:51:54 IST" duration-ms="68129">
      <class name="testCase.TestCase01">
        <test-method is-config="true" signature="setup(java.lang.String,java.lang.String)[pri:0, instance:testCase.TestCase01@79e4c792]" started-at="2024-02-20T21:50:47 IST" name="setup" finished-at="2024-02-20T21:50:57 IST" duration-ms="10013" status="PASS">
          <params>
            <param index="0">
              <value>
                <![CDATA[Windows]]>
              </value>
            </param>
            <param index="1">
              <value>
                <![CDATA[chrome]]>
              </value>
            </param>
          </params>
          <reporter-output>
          </reporter-output>
        </test-method> <!-- setup -->
        <test-method signature="Hover()[pri:0, instance:testCase.TestCase01@79e4c792]" started-at="2024-02-20T21:50:57 IST" name="Hover" finished-at="2024-02-20T21:51:06 IST" duration-ms="9083" status="PASS">
          <reporter-output>
          </reporter-output>
        </test-method> <!-- Hover -->
        <test-method is-config="true" signature="tearDown()[pri:0, instance:testCase.TestCase01@79e4c792]" started-at="2024-02-20T21:51:53 IST" name="tearDown" finished-at="2024-02-20T21:51:54 IST" duration-ms="1224" status="PASS">
          <reporter-output>
          </reporter-output>
        </test-method> <!-- tearDown -->
      </class> <!-- testCase.TestCase01 -->
      <class name="testCase.TestCase04">
        <test-method signature="loginsignup()[pri:0, instance:testCase.TestCase04@35dab4eb]" started-at="2024-02-20T21:51:38 IST" name="loginsignup" finished-at="2024-02-20T21:51:42 IST" duration-ms="4197" status="PASS">
          <reporter-output>
          </reporter-output>
        </test-method> <!-- loginsignup -->
      </class> <!-- testCase.TestCase04 -->
      <class name="testCase.TestCase05">
        <test-method signature="verifyLoginPage()[pri:0, instance:testCase.TestCase05@2d901eb0]" started-at="2024-02-20T21:51:44 IST" name="verifyLoginPage" finished-at="2024-02-20T21:51:53 IST" duration-ms="9341" status="PASS">
          <reporter-output>
          </reporter-output>
        </test-method> <!-- verifyLoginPage -->
      </class> <!-- testCase.TestCase05 -->
      <class name="testCase.TestCase02">
        <test-method signature="Run()[pri:0, instance:testCase.TestCase02@d737b89]" started-at="2024-02-20T21:51:07 IST" name="Run" finished-at="2024-02-20T21:51:21 IST" duration-ms="13773" status="PASS">
          <reporter-output>
          </reporter-output>
        </test-method> <!-- Run -->
      </class> <!-- testCase.TestCase02 -->
      <class name="testCase.TestCase03">
        <test-method signature="Chennai()[pri:0, instance:testCase.TestCase03@8519cb4]" started-at="2024-02-20T21:51:21 IST" name="Chennai" finished-at="2024-02-20T21:51:37 IST" duration-ms="16122" status="PASS">
          <reporter-output>
          </reporter-output>
        </test-method> <!-- Chennai -->
      </class> <!-- testCase.TestCase03 -->
    </test> <!-- ChromeTest -->
    <test started-at="2024-02-20T21:51:56 IST" name="EdgeTest" finished-at="2024-02-20T21:53:04 IST" duration-ms="68032">
      <class name="testCase.TestCase01">
        <test-method is-config="true" signature="setup(java.lang.String,java.lang.String)[pri:0, instance:testCase.TestCase01@43df23d3]" started-at="2024-02-20T21:51:56 IST" name="setup" finished-at="2024-02-20T21:52:07 IST" duration-ms="10616" status="PASS">
          <params>
            <param index="0">
              <value>
                <![CDATA[Windows]]>
              </value>
            </param>
            <param index="1">
              <value>
                <![CDATA[edge]]>
              </value>
            </param>
          </params>
          <reporter-output>
          </reporter-output>
        </test-method> <!-- setup -->
        <test-method signature="Hover()[pri:0, instance:testCase.TestCase01@43df23d3]" started-at="2024-02-20T21:52:07 IST" name="Hover" finished-at="2024-02-20T21:52:14 IST" duration-ms="7550" status="PASS">
          <reporter-output>
          </reporter-output>
        </test-method> <!-- Hover -->
        <test-method is-config="true" signature="tearDown()[pri:0, instance:testCase.TestCase01@43df23d3]" started-at="2024-02-20T21:53:03 IST" name="tearDown" finished-at="2024-02-20T21:53:04 IST" duration-ms="1379" status="PASS">
          <reporter-output>
          </reporter-output>
        </test-method> <!-- tearDown -->
      </class> <!-- testCase.TestCase01 -->
      <class name="testCase.TestCase04">
        <test-method signature="loginsignup()[pri:0, instance:testCase.TestCase04@23e84203]" started-at="2024-02-20T21:52:44 IST" name="loginsignup" finished-at="2024-02-20T21:52:51 IST" duration-ms="6537" status="PASS">
          <reporter-output>
          </reporter-output>
        </test-method> <!-- loginsignup -->
      </class> <!-- testCase.TestCase04 -->
      <class name="testCase.TestCase05">
        <test-method signature="verifyLoginPage()[pri:0, instance:testCase.TestCase05@19932c16]" started-at="2024-02-20T21:52:53 IST" name="verifyLoginPage" finished-at="2024-02-20T21:53:03 IST" duration-ms="9104" status="PASS">
          <reporter-output>
          </reporter-output>
        </test-method> <!-- verifyLoginPage -->
      </class> <!-- testCase.TestCase05 -->
      <class name="testCase.TestCase02">
        <test-method signature="Run()[pri:0, instance:testCase.TestCase02@6d60fe40]" started-at="2024-02-20T21:52:15 IST" name="Run" finished-at="2024-02-20T21:52:28 IST" duration-ms="13452" status="PASS">
          <reporter-output>
          </reporter-output>
        </test-method> <!-- Run -->
      </class> <!-- testCase.TestCase02 -->
      <class name="testCase.TestCase03">
        <test-method signature="Chennai()[pri:0, instance:testCase.TestCase03@792b749c]" started-at="2024-02-20T21:52:29 IST" name="Chennai" finished-at="2024-02-20T21:52:44 IST" duration-ms="15450" status="PASS">
          <reporter-output>
          </reporter-output>
        </test-method> <!-- Chennai -->
      </class> <!-- testCase.TestCase03 -->
    </test> <!-- EdgeTest -->
  </suite> <!-- Suite -->
</testng-results>
